-------------------------------------------------------------------------------
Test set: belajar.jdbc.database.RepositoryTest
-------------------------------------------------------------------------------
Tests run: 4, Failures: 1, Errors: 0, Skipped: 0, Time elapsed: 0.087 s <<< FAILURE! - in belajar.jdbc.database.RepositoryTest
testFindById  Time elapsed: 0.02 s  <<< FAILURE!
org.opentest4j.AssertionFailedError: expected: <null> but was: <belajar.jdbc.database.entity.Comment@25ddbbbb>
	at belajar.jdbc.database.RepositoryTest.testFindById(RepositoryTest.java:38)

